{
  "stats": {
    "suites": 1,
    "tests": 3,
    "passes": 3,
    "pending": 0,
    "failures": 0,
    "start": "2022-05-27T09:01:22.144Z",
    "end": "2022-05-27T09:02:25.489Z",
    "duration": 63345,
    "testsRegistered": 3,
    "passPercent": 100,
    "pendingPercent": 0,
    "other": 0,
    "hasOther": false,
    "skipped": 0,
    "hasSkipped": false
  },
  "results": [
    {
      "uuid": "2da23ff1-c344-4a1d-8c84-5370ef966a72",
      "title": "",
      "fullFile": "cypress/integration/client/1-basic.spec.js/reports.spec.js",
      "file": "cypress/integration/client/1-basic.spec.js/reports.spec.js",
      "beforeHooks": [],
      "afterHooks": [],
      "tests": [],
      "suites": [
        {
          "uuid": "35062f61-c6ff-48ce-841d-db01028bcc56",
          "title": "reports in ecoocean client",
          "fullFile": "",
          "file": "",
          "beforeHooks": [],
          "afterHooks": [],
          "tests": [
            {
              "title": "create empty report and verify",
              "fullTitle": "reports in ecoocean client create empty report and verify",
              "timedOut": null,
              "duration": 20031,
              "state": "passed",
              "speed": "slow",
              "pass": true,
              "fail": false,
              "pending": false,
              "context": null,
              "code": "cy.clickSection('add-report');\ncy.get('div[id=\"select-municipal\"]').click({\n  timeout: 10000\n});\ncy.contains('הרצליה').click({\n  timeout: 10000\n});\ncy.wait(3000);\ncy.get('#mapId').click(50, 50);\ncy.wait(5000);\ncy.get('button').contains('Save').click({\n  timeout: 10000\n});\ncy.contains('Pollution Reports', {\n  timeout: 10000\n}).should('be.visible');\ncy.contains('Pollution report successfully submitted', {\n  timeout: 10000\n}).should('be.visible');\ncy.get('ul[id=\"report-list\"]').first().first().should('have.length', 1);",
              "err": {},
              "uuid": "e510870d-b42d-4821-b25c-011c47c9aca5",
              "parentUUID": "35062f61-c6ff-48ce-841d-db01028bcc56",
              "isHook": false,
              "skipped": false
            },
            {
              "title": "remove a report and verify",
              "fullTitle": "reports in ecoocean client remove a report and verify",
              "timedOut": null,
              "duration": 19861,
              "state": "passed",
              "speed": "slow",
              "pass": true,
              "fail": false,
              "pending": false,
              "context": null,
              "code": "cy.clickSection('add-report');\ncy.get('div[id=\"select-municipal\"]').click({\n  timeout: 10000\n});\ncy.contains('הרצליה').click({\n  timeout: 10000\n});\ncy.wait(3000);\ncy.get('#mapId').click(50, 50);\ncy.wait(5000);\ncy.get('button').contains('Save').click({\n  timeout: 10000\n});\ncy.contains('Pollution Reports', {\n  timeout: 10000\n}).should('be.visible');\ncy.contains('Pollution report successfully submitted', {\n  timeout: 10000\n}).should('be.visible');\ncy.get('ul[id=\"report-list\"]').first().first().should('have.length', 1);\ncy.get('button[id=\"delete-report-0\"]').click({\n  timeout: 10000\n});\ncy.contains('Pollution report successfully deleted', {\n  timeout: 10000\n}).should('be.visible');\ncy.get('button[id=\"delete-report-0\"]', {\n  timeout: 10000\n}).should('not.exist');\ncy.get('ul[id=\"report-list\"]').first().children().children().should('not.exist');",
              "err": {},
              "uuid": "eced1e2f-e871-48b3-ac09-62451a7c407d",
              "parentUUID": "35062f61-c6ff-48ce-841d-db01028bcc56",
              "isHook": false,
              "skipped": false
            },
            {
              "title": "click on report in the report list should open report modal",
              "fullTitle": "reports in ecoocean client click on report in the report list should open report modal",
              "timedOut": null,
              "duration": 18696,
              "state": "passed",
              "speed": "slow",
              "pass": true,
              "fail": false,
              "pending": false,
              "context": null,
              "code": "cy.clickSection('add-report');\ncy.get('div[id=\"select-municipal\"]').click({\n  timeout: 10000\n});\ncy.contains('הרצליה').click({\n  timeout: 10000\n});\ncy.wait(3000);\ncy.get('#mapId').click(50, 50);\ncy.wait(5000);\ncy.get('button').contains('Save').click({\n  timeout: 10000\n});\ncy.contains('Pollution Reports', {\n  timeout: 10000\n}).should('be.visible');\ncy.contains('Pollution report successfully submitted', {\n  timeout: 10000\n}).should('be.visible');\ncy.get('ul[id=\"report-list\"]').first().first().should('have.length', 1);\ncy.get('div[id=\"report-item-clickable-0\"]').click({\n  timeout: 10000\n});\ncy.contains('Pollution report', {\n  timeout: 10000\n}).should('be.visible');",
              "err": {},
              "uuid": "48d545a6-0b3a-4aab-b504-d8fcf6e5e059",
              "parentUUID": "35062f61-c6ff-48ce-841d-db01028bcc56",
              "isHook": false,
              "skipped": false
            }
          ],
          "suites": [],
          "passes": [
            "e510870d-b42d-4821-b25c-011c47c9aca5",
            "eced1e2f-e871-48b3-ac09-62451a7c407d",
            "48d545a6-0b3a-4aab-b504-d8fcf6e5e059"
          ],
          "failures": [],
          "pending": [],
          "skipped": [],
          "duration": 58588,
          "root": false,
          "rootEmpty": false,
          "_timeout": 2000
        }
      ],
      "passes": [],
      "failures": [],
      "pending": [],
      "skipped": [],
      "duration": 0,
      "root": true,
      "rootEmpty": true,
      "_timeout": 2000
    }
  ],
  "meta": {
    "mocha": {
      "version": "7.0.1"
    },
    "mochawesome": {
      "options": {
        "quiet": false,
        "reportFilename": "mochawesome",
        "saveHtml": false,
        "saveJson": true,
        "consoleReporter": "spec",
        "useInlineDiffs": false,
        "code": true
      },
      "version": "7.1.3"
    },
    "marge": {
      "options": {
        "reportDir": "cypress/results",
        "overwrite": false,
        "html": false,
        "json": true
      },
      "version": "6.2.0"
    }
  }
}