{
  "stats": {
    "suites": 2,
    "tests": 4,
    "passes": 4,
    "pending": 0,
    "failures": 0,
    "start": "2022-05-27T09:00:05.153Z",
    "end": "2022-05-27T09:00:37.847Z",
    "duration": 32694,
    "testsRegistered": 4,
    "passPercent": 100,
    "pendingPercent": 0,
    "other": 0,
    "hasOther": false,
    "skipped": 0,
    "hasSkipped": false
  },
  "results": [
    {
      "uuid": "e8ffaeab-c706-42a9-b71a-b9a550014428",
      "title": "",
      "fullFile": "cypress/integration/admin/1-basic.spec.js/login.spec.js",
      "file": "cypress/integration/admin/1-basic.spec.js/login.spec.js",
      "beforeHooks": [],
      "afterHooks": [],
      "tests": [],
      "suites": [
        {
          "uuid": "e1c0c777-3f06-4d22-9465-809573382cdb",
          "title": "login to ecoocean admin - positive scenario",
          "fullFile": "",
          "file": "",
          "beforeHooks": [],
          "afterHooks": [],
          "tests": [
            {
              "title": "login as admin to ecoocean",
              "fullTitle": "login to ecoocean admin - positive scenario login as admin to ecoocean",
              "timedOut": null,
              "duration": 7514,
              "state": "passed",
              "speed": "medium",
              "pass": true,
              "fail": false,
              "pending": false,
              "context": null,
              "code": "cy.percySnapshot('login screen - admin');\ncy.loginExistUser(adminUser.email, adminUser.password);\ncy.validateHomeScreenAdmin();\ncy.percySnapshot('home page admin');",
              "err": {},
              "uuid": "e0960f06-1504-469d-8dca-a1ef8b96f4ea",
              "parentUUID": "e1c0c777-3f06-4d22-9465-809573382cdb",
              "isHook": false,
              "skipped": false
            },
            {
              "title": "logout from ecoocean admin",
              "fullTitle": "login to ecoocean admin - positive scenario logout from ecoocean admin",
              "timedOut": null,
              "duration": 6590,
              "state": "passed",
              "speed": "medium",
              "pass": true,
              "fail": false,
              "pending": false,
              "context": null,
              "code": "cy.loginExistUser(adminUser.email, adminUser.password);\ncy.validateHomeScreenAdmin();\ncy.logoutAdmin();\ncy.validateLoginScreen();",
              "err": {},
              "uuid": "5ce26a40-11f4-407e-90c2-efc6ce735e0e",
              "parentUUID": "e1c0c777-3f06-4d22-9465-809573382cdb",
              "isHook": false,
              "skipped": false
            }
          ],
          "suites": [],
          "passes": [
            "e0960f06-1504-469d-8dca-a1ef8b96f4ea",
            "5ce26a40-11f4-407e-90c2-efc6ce735e0e"
          ],
          "failures": [],
          "pending": [],
          "skipped": [],
          "duration": 14104,
          "root": false,
          "rootEmpty": false,
          "_timeout": 2000
        },
        {
          "uuid": "0b905229-9e82-4f5f-a86a-87a856be8aea",
          "title": "login to ecoocean - negative scenario",
          "fullFile": "",
          "file": "",
          "beforeHooks": [],
          "afterHooks": [],
          "tests": [
            {
              "title": "assert failed login of a new user",
              "fullTitle": "login to ecoocean - negative scenario assert failed login of a new user",
              "timedOut": null,
              "duration": 6774,
              "state": "passed",
              "speed": "medium",
              "pass": true,
              "fail": false,
              "pending": false,
              "context": null,
              "code": "cy.loginNewUser('automation@gmail.com', 'automation', '123456');\ncy.validateLoginScreen();\ncy.contains('User is not authorized — Please ask an admin to get access', {\n  timeout: 10000\n}).should('be.visible');\ncy.contains('Try with a different account', {\n  timeout: 10000\n}).should('be.visible');\ncy.percySnapshot('login page admin - unauthorized user');",
              "err": {},
              "uuid": "6ab12183-6231-4eb6-9ad2-c1740fb3631b",
              "parentUUID": "0b905229-9e82-4f5f-a86a-87a856be8aea",
              "isHook": false,
              "skipped": false
            },
            {
              "title": "assert failed login of a normal user",
              "fullTitle": "login to ecoocean - negative scenario assert failed login of a normal user",
              "timedOut": null,
              "duration": 6144,
              "state": "passed",
              "speed": "medium",
              "pass": true,
              "fail": false,
              "pending": false,
              "context": null,
              "code": "cy.loginExistUser(normalUser.email, normalUser.password);\ncy.validateLoginScreen();\ncy.contains('User is not authorized — Please ask an admin to get access', {\n  timeout: 10000\n}).should('be.visible');\ncy.contains('Try with a different account', {\n  timeout: 10000\n}).should('be.visible');",
              "err": {},
              "uuid": "966b161b-40de-46b4-9115-0ba3a4265f30",
              "parentUUID": "0b905229-9e82-4f5f-a86a-87a856be8aea",
              "isHook": false,
              "skipped": false
            }
          ],
          "suites": [],
          "passes": [
            "6ab12183-6231-4eb6-9ad2-c1740fb3631b",
            "966b161b-40de-46b4-9115-0ba3a4265f30"
          ],
          "failures": [],
          "pending": [],
          "skipped": [],
          "duration": 12918,
          "root": false,
          "rootEmpty": false,
          "_timeout": 2000
        }
      ],
      "passes": [],
      "failures": [],
      "pending": [],
      "skipped": [],
      "duration": 0,
      "root": true,
      "rootEmpty": true,
      "_timeout": 2000
    }
  ],
  "meta": {
    "mocha": {
      "version": "7.0.1"
    },
    "mochawesome": {
      "options": {
        "quiet": false,
        "reportFilename": "mochawesome",
        "saveHtml": false,
        "saveJson": true,
        "consoleReporter": "spec",
        "useInlineDiffs": false,
        "code": true
      },
      "version": "7.1.3"
    },
    "marge": {
      "options": {
        "reportDir": "cypress/results",
        "overwrite": false,
        "html": false,
        "json": true
      },
      "version": "6.2.0"
    }
  }
}