{
  "stats": {
    "suites": 2,
    "tests": 3,
    "passes": 3,
    "pending": 0,
    "failures": 0,
    "start": "2022-05-27T09:00:43.829Z",
    "end": "2022-05-27T09:01:16.314Z",
    "duration": 32485,
    "testsRegistered": 3,
    "passPercent": 100,
    "pendingPercent": 0,
    "other": 0,
    "hasOther": false,
    "skipped": 0,
    "hasSkipped": false
  },
  "results": [
    {
      "uuid": "5d0589c4-ff64-4b53-9274-ac0927f888ec",
      "title": "",
      "fullFile": "cypress/integration/client/1-basic.spec.js/login.spec.js",
      "file": "cypress/integration/client/1-basic.spec.js/login.spec.js",
      "beforeHooks": [],
      "afterHooks": [],
      "tests": [],
      "suites": [
        {
          "uuid": "405dd38b-66cb-4e2e-a450-a1cbea2b5d44",
          "title": "login to ecoocean client - positive scenario",
          "fullFile": "",
          "file": "",
          "beforeHooks": [],
          "afterHooks": [],
          "tests": [
            {
              "title": "login to ecoocean",
              "fullTitle": "login to ecoocean client - positive scenario login to ecoocean",
              "timedOut": null,
              "duration": 15892,
              "state": "passed",
              "speed": "slow",
              "pass": true,
              "fail": false,
              "pending": false,
              "context": null,
              "code": "cy.percySnapshot('login screen - client');\ncy.loginExistUser('random@gmail.com', '123456');\ncy.validateHomeScreenClient();\ncy.get('div[class=\"sidebar-pane active\"]', {\n  timeout: 10000\n}).should('be.visible');\ncy.waitForNetworkIdle(5000);\ncy.percySnapshot('home page client - side panel open');\ncy.get('div[class=\"sidebar-close\"]').click({\n  multiple: true,\n  force: true\n});\ncy.get('div[class=\"sidebar-pane active\"]').should('not.exist');\ncy.percySnapshot('home page client - side panel closed');",
              "err": {},
              "uuid": "aa8c1104-01d3-4ec8-8d21-607eff420db4",
              "parentUUID": "405dd38b-66cb-4e2e-a450-a1cbea2b5d44",
              "isHook": false,
              "skipped": false
            },
            {
              "title": "logout from ecoocean",
              "fullTitle": "login to ecoocean client - positive scenario logout from ecoocean",
              "timedOut": null,
              "duration": 7399,
              "state": "passed",
              "speed": "medium",
              "pass": true,
              "fail": false,
              "pending": false,
              "context": null,
              "code": "cy.loginExistUser(email, password);\ncy.validateHomeScreenClient();\ncy.logoutClient();\ncy.validateLoginScreen();",
              "err": {},
              "uuid": "083111e1-7a51-4441-9819-8169b063a962",
              "parentUUID": "405dd38b-66cb-4e2e-a450-a1cbea2b5d44",
              "isHook": false,
              "skipped": false
            }
          ],
          "suites": [],
          "passes": [
            "aa8c1104-01d3-4ec8-8d21-607eff420db4",
            "083111e1-7a51-4441-9819-8169b063a962"
          ],
          "failures": [],
          "pending": [],
          "skipped": [],
          "duration": 23291,
          "root": false,
          "rootEmpty": false,
          "_timeout": 2000
        },
        {
          "uuid": "81b54312-2905-4458-9a48-e4c1ebaeb575",
          "title": "login to ecoocean client - negative scenario",
          "fullFile": "",
          "file": "",
          "beforeHooks": [],
          "afterHooks": [],
          "tests": [
            {
              "title": "assert failed login of a new user",
              "fullTitle": "login to ecoocean client - negative scenario assert failed login of a new user",
              "timedOut": null,
              "duration": 4321,
              "state": "passed",
              "speed": "fast",
              "pass": true,
              "fail": false,
              "pending": false,
              "context": null,
              "code": "cy.loginNewUser('automation@gmail.com', 'automation', '123456');\ncy.validateLoginScreen();\ncy.contains('User is not authorized — Please ask an admin to get access', {\n  timeout: 10000\n}).should('be.visible');\ncy.contains('Try with a different account', {\n  timeout: 10000\n}).should('be.visible');\ncy.percySnapshot('login page client - unauthorized user');",
              "err": {},
              "uuid": "dd1d85b0-c5a7-4fae-a312-ada39b5d219b",
              "parentUUID": "81b54312-2905-4458-9a48-e4c1ebaeb575",
              "isHook": false,
              "skipped": false
            }
          ],
          "suites": [],
          "passes": [
            "dd1d85b0-c5a7-4fae-a312-ada39b5d219b"
          ],
          "failures": [],
          "pending": [],
          "skipped": [],
          "duration": 4321,
          "root": false,
          "rootEmpty": false,
          "_timeout": 2000
        }
      ],
      "passes": [],
      "failures": [],
      "pending": [],
      "skipped": [],
      "duration": 0,
      "root": true,
      "rootEmpty": true,
      "_timeout": 2000
    }
  ],
  "meta": {
    "mocha": {
      "version": "7.0.1"
    },
    "mochawesome": {
      "options": {
        "quiet": false,
        "reportFilename": "mochawesome",
        "saveHtml": false,
        "saveJson": true,
        "consoleReporter": "spec",
        "useInlineDiffs": false,
        "code": true
      },
      "version": "7.1.3"
    },
    "marge": {
      "options": {
        "reportDir": "cypress/results",
        "overwrite": false,
        "html": false,
        "json": true
      },
      "version": "6.2.0"
    }
  }
}